<?xml version="1.0" encoding="UTF-8"?>
<!-- Generated by org.testng.reporters.JUnitReportReporter -->
<testsuite hostname="DESKTOP-OSM8RH8" failures="0" tests="6" name="testCases.TC003_LoginDDT" time="56.727" errors="0" timestamp="2024-08-29T10:27:49 IST" skipped="0">
  <testcase classname="testCases.TC003_LoginDDT" name="verify_loginDDT" time="15.220"/>
  <testcase classname="testCases.TC003_LoginDDT" name="verify_loginDDT" time="14.976"/>
  <testcase classname="testCases.TC003_LoginDDT" name="verify_loginDDT" time="6.779"/>
  <testcase classname="testCases.TC003_LoginDDT" name="verify_loginDDT" time="6.332"/>
  <testcase classname="testCases.TC003_LoginDDT" name="verify_loginDDT" time="6.841"/>
  <testcase classname="testCases.TC003_LoginDDT" name="verify_loginDDT" time="6.579"/>
</testsuite> <!-- testCases.TC003_LoginDDT -->
