<?xml version="1.0" encoding="UTF-8"?>
<!-- Generated by org.testng.reporters.JUnitReportReporter -->
<testsuite hostname="DESKTOP-OSM8RH8" failures="0" tests="1" name="testCases.TC002_LoginTest" time="7.264" errors="0" timestamp="2024-08-29T14:31:02 IST" skipped="0">
  <testcase classname="testCases.TC002_LoginTest" name="verify_Login" time="7.264"/>
</testsuite> <!-- testCases.TC002_LoginTest -->
