<?xml version="1.0" encoding="UTF-8"?>
<!-- Generated by org.testng.reporters.JUnitReportReporter -->
<testsuite hostname="DESKTOP-OSM8RH8" failures="0" tests="6" name="testCases.TC003_LoginDDT" time="145.342" errors="0" timestamp="2024-08-29T12:54:16 IST" skipped="0">
  <testcase classname="testCases.TC003_LoginDDT" name="verify_loginDDT" time="43.365"/>
  <testcase classname="testCases.TC003_LoginDDT" name="verify_loginDDT" time="14.549"/>
  <testcase classname="testCases.TC003_LoginDDT" name="verify_loginDDT" time="18.536"/>
  <testcase classname="testCases.TC003_LoginDDT" name="verify_loginDDT" time="36.963"/>
  <testcase classname="testCases.TC003_LoginDDT" name="verify_loginDDT" time="14.824"/>
  <testcase classname="testCases.TC003_LoginDDT" name="verify_loginDDT" time="17.105"/>
</testsuite> <!-- testCases.TC003_LoginDDT -->
